This file contains any messages produced by compilers while
running configure, to aid debugging if configure makes a mistake.

It was created by CellWriter configure 1.3.6, which was
generated by GNU Autoconf 2.69.  Invocation command line was

  $ ./configure 

## --------- ##
## Platform. ##
## --------- ##

hostname = cricket
uname -m = x86_64
uname -r = 4.19.0-18-amd64
uname -s = Linux
uname -v = #1 SMP Debian 4.19.208-1 (2021-09-29)

/usr/bin/uname -p = unknown
/bin/uname -X     = unknown

/bin/arch              = x86_64
/usr/bin/arch -k       = unknown
/usr/convex/getsysinfo = unknown
/usr/bin/hostinfo      = unknown
/bin/machine           = unknown
/usr/bin/oslevel       = unknown
/bin/universe          = unknown

PATH: /home/ross/bin
PATH: /home/daisy/bin
PATH: /usr/local/bin
PATH: /usr/bin
PATH: /bin
PATH: /usr/local/games
PATH: /usr/games
PATH: /usr/bin


## ----------- ##
## Core tests. ##
## ----------- ##

configure:2279: checking for a BSD-compatible install
configure:2347: result: /usr/bin/install -c
configure:2358: checking whether build environment is sane
configure:2408: result: yes
configure:2549: checking for a thread-safe mkdir -p
configure:2588: result: /usr/bin/mkdir -p
configure:2601: checking for gawk
configure:2617: found /usr/bin/gawk
configure:2628: result: gawk
configure:2639: checking whether make sets $(MAKE)
configure:2661: result: yes
configure:2807: checking for gcc
configure:2823: found /usr/bin/gcc
configure:2834: result: gcc
configure:3063: checking for C compiler version
configure:3072: gcc --version >&5
gcc (Debian 8.3.0-6) 8.3.0
Copyright (C) 2018 Free Software Foundation, Inc.
This is free software; see the source for copying conditions.  There is NO
warranty; not even for MERCHANTABILITY or FITNESS FOR A PARTICULAR PURPOSE.

configure:3083: $? = 0
configure:3072: gcc -v >&5
Using built-in specs.
COLLECT_GCC=gcc
COLLECT_LTO_WRAPPER=/usr/lib/gcc/x86_64-linux-gnu/8/lto-wrapper
OFFLOAD_TARGET_NAMES=nvptx-none
OFFLOAD_TARGET_DEFAULT=1
Target: x86_64-linux-gnu
Configured with: ../src/configure -v --with-pkgversion='Debian 8.3.0-6' --with-bugurl=file:///usr/share/doc/gcc-8/README.Bugs --enable-languages=c,ada,c++,go,brig,d,fortran,objc,obj-c++ --prefix=/usr --with-gcc-major-version-only --program-suffix=-8 --program-prefix=x86_64-linux-gnu- --enable-shared --enable-linker-build-id --libexecdir=/usr/lib --without-included-gettext --enable-threads=posix --libdir=/usr/lib --enable-nls --enable-bootstrap --enable-clocale=gnu --enable-libstdcxx-debug --enable-libstdcxx-time=yes --with-default-libstdcxx-abi=new --enable-gnu-unique-object --disable-vtable-verify --enable-libmpx --enable-plugin --enable-default-pie --with-system-zlib --with-target-system-zlib --enable-objc-gc=auto --enable-multiarch --disable-werror --with-arch-32=i686 --with-abi=m64 --with-multilib-list=m32,m64,mx32 --enable-multilib --with-tune=generic --enable-offload-targets=nvptx-none --without-cuda-driver --enable-checking=release --build=x86_64-linux-gnu --host=x86_64-linux-gnu --target=x86_64-linux-gnu
Thread model: posix
gcc version 8.3.0 (Debian 8.3.0-6) 
configure:3083: $? = 0
configure:3072: gcc -V >&5
gcc: error: unrecognized command line option '-V'
gcc: fatal error: no input files
compilation terminated.
configure:3083: $? = 1
configure:3072: gcc -qversion >&5
gcc: error: unrecognized command line option '-qversion'; did you mean '--version'?
gcc: fatal error: no input files
compilation terminated.
configure:3083: $? = 1
configure:3103: checking whether the C compiler works
configure:3125: gcc    conftest.c  >&5
configure:3129: $? = 0
configure:3177: result: yes
configure:3180: checking for C compiler default output file name
configure:3182: result: a.out
configure:3188: checking for suffix of executables
configure:3195: gcc -o conftest    conftest.c  >&5
configure:3199: $? = 0
configure:3221: result: 
configure:3243: checking whether we are cross compiling
configure:3251: gcc -o conftest    conftest.c  >&5
configure:3255: $? = 0
configure:3262: ./conftest
configure:3266: $? = 0
configure:3254: result: no
configure:3259: checking for suffix of object files
configure:3281: gcc -c   conftest.c >&5
configure:3285: $? = 0
configure:3306: result: o
configure:3310: checking whether we are using the GNU C compiler
configure:3329: gcc -c   conftest.c >&5
configure:3329: $? = 0
configure:3338: result: yes
configure:3347: checking whether gcc accepts -g
configure:3367: gcc -c -g  conftest.c >&5
configure:3367: $? = 0
configure:3408: result: yes
configure:3425: checking for gcc option to accept ISO C89
configure:3488: gcc  -c -g -O2  conftest.c >&5
configure:3488: $? = 0
configure:3501: result: none needed
configure:3532: checking for style of include used by make
configure:3560: result: GNU
configure:3586: checking dependency style of gcc
configure:3697: result: gcc3
configure:3717: checking for gawk
configure:3744: result: gawk
configure:3760: checking how to run the C preprocessor
configure:3791: gcc -E  conftest.c
configure:3791: $? = 0
configure:3805: gcc -E  conftest.c
conftest.c:13:10: fatal error: ac_nonexistent.h: No such file or directory
 #include <ac_nonexistent.h>
          ^~~~~~~~~~~~~~~~~~
compilation terminated.
configure:3805: $? = 1
configure: failed program was:
| /* confdefs.h */
| #define PACKAGE_NAME "CellWriter"
| #define PACKAGE_TARNAME "cellwriter"
| #define PACKAGE_VERSION "1.3.6"
| #define PACKAGE_STRING "CellWriter 1.3.6"
| #define PACKAGE_BUGREPORT "risujin@risujin.org"
| #define PACKAGE_URL ""
| #define PACKAGE "cellwriter"
| #define VERSION "1.3.6"
| #define CELLWRITER_URL "http://risujin.org/cellwriter"
| #define ICON_PATH "/icons/hicolor/scalable/apps/"
| /* end confdefs.h.  */
| #include <ac_nonexistent.h>
configure:3830: result: gcc -E
configure:3850: gcc -E  conftest.c
configure:3850: $? = 0
configure:3864: gcc -E  conftest.c
conftest.c:13:10: fatal error: ac_nonexistent.h: No such file or directory
 #include <ac_nonexistent.h>
          ^~~~~~~~~~~~~~~~~~
compilation terminated.
configure:3864: $? = 1
configure: failed program was:
| /* confdefs.h */
| #define PACKAGE_NAME "CellWriter"
| #define PACKAGE_TARNAME "cellwriter"
| #define PACKAGE_VERSION "1.3.6"
| #define PACKAGE_STRING "CellWriter 1.3.6"
| #define PACKAGE_BUGREPORT "risujin@risujin.org"
| #define PACKAGE_URL ""
| #define PACKAGE "cellwriter"
| #define VERSION "1.3.6"
| #define CELLWRITER_URL "http://risujin.org/cellwriter"
| #define ICON_PATH "/icons/hicolor/scalable/apps/"
| /* end confdefs.h.  */
| #include <ac_nonexistent.h>
configure:3896: checking for atan2 in -lm
configure:3921: gcc -o conftest -g -O2   conftest.c -lm   >&5
conftest.c:20:6: warning: conflicting types for built-in function 'atan2' [-Wbuiltin-declaration-mismatch]
 char atan2 ();
      ^~~~~
configure:3921: $? = 0
configure:3930: result: yes
configure:3999: checking for pkg-config
configure:4017: found /usr/bin/pkg-config
configure:4029: result: /usr/bin/pkg-config
configure:4054: checking pkg-config is at least version 0.9.0
configure:4057: result: yes
configure:4067: checking for GTK
configure:4074: $PKG_CONFIG --exists --print-errors "gtk+-2.0 >= 2.8"
configure:4077: $? = 0
configure:4091: $PKG_CONFIG --exists --print-errors "gtk+-2.0 >= 2.8"
configure:4094: $? = 0
configure:4152: result: yes
configure:4167: checking for gtk_status_icon_new_from_file in -lgtk-x11-2.0
configure:4192: gcc -o conftest -g -O2   conftest.c -lgtk-x11-2.0  -lm  >&5
configure:4192: $? = 0
configure:4201: result: yes
configure:4233: checking for X
configure:4341: gcc -E  conftest.c
configure:4341: $? = 0
configure:4372: gcc -o conftest -g -O2   conftest.c -lX11 -lgtk-x11-2.0 -lm  >&5
configure:4372: $? = 0
configure:4422: result: libraries , headers 
configure:4426: checking for XChangeKeyboardMapping in -lX11
configure:4451: gcc -o conftest -g -O2   conftest.c -lX11  -lgtk-x11-2.0 -lm  >&5
configure:4451: $? = 0
configure:4460: result: yes
configure:4474: checking for XTestFakeKeyEvent in -lXtst
configure:4499: gcc -o conftest -g -O2   conftest.c -lXtst  -lX11 -lgtk-x11-2.0 -lm  >&5
configure:4499: $? = 0
configure:4508: result: yes
configure:4524: checking for grep that handles long lines and -e
configure:4582: result: /usr/bin/grep
configure:4587: checking for egrep
configure:4649: result: /usr/bin/grep -E
configure:4654: checking for ANSI C header files
configure:4674: gcc -c -g -O2  conftest.c >&5
configure:4674: $? = 0
configure:4747: gcc -o conftest -g -O2   conftest.c -lXtst -lX11 -lgtk-x11-2.0 -lm  >&5
configure:4747: $? = 0
configure:4747: ./conftest
configure:4747: $? = 0
configure:4758: result: yes
configure:4768: checking for an ANSI C-conforming const
configure:4834: gcc -c -g -O2  conftest.c >&5
configure:4834: $? = 0
configure:4841: result: yes
configure:4849: checking for inline
configure:4865: gcc -c -g -O2  conftest.c >&5
configure:4865: $? = 0
configure:4873: result: inline
configure:4896: checking for sys/types.h
configure:4896: gcc -c -g -O2  conftest.c >&5
configure:4896: $? = 0
configure:4896: result: yes
configure:4896: checking for sys/stat.h
configure:4896: gcc -c -g -O2  conftest.c >&5
configure:4896: $? = 0
configure:4896: result: yes
configure:4896: checking for stdlib.h
configure:4896: gcc -c -g -O2  conftest.c >&5
configure:4896: $? = 0
configure:4896: result: yes
configure:4896: checking for string.h
configure:4896: gcc -c -g -O2  conftest.c >&5
configure:4896: $? = 0
configure:4896: result: yes
configure:4896: checking for memory.h
configure:4896: gcc -c -g -O2  conftest.c >&5
configure:4896: $? = 0
configure:4896: result: yes
configure:4896: checking for strings.h
configure:4896: gcc -c -g -O2  conftest.c >&5
configure:4896: $? = 0
configure:4896: result: yes
configure:4896: checking for inttypes.h
configure:4896: gcc -c -g -O2  conftest.c >&5
configure:4896: $? = 0
configure:4896: result: yes
configure:4896: checking for stdint.h
configure:4896: gcc -c -g -O2  conftest.c >&5
configure:4896: $? = 0
configure:4896: result: yes
configure:4896: checking for unistd.h
configure:4896: gcc -c -g -O2  conftest.c >&5
configure:4896: $? = 0
configure:4896: result: yes
configure:4908: checking for size_t
configure:4908: gcc -c -g -O2  conftest.c >&5
configure:4908: $? = 0
configure:4908: gcc -c -g -O2  conftest.c >&5
conftest.c: In function 'main':
conftest.c:63:21: error: expected expression before ')' token
 if (sizeof ((size_t)))
                     ^
configure:4908: $? = 1
configure: failed program was:
| /* confdefs.h */
| #define PACKAGE_NAME "CellWriter"
| #define PACKAGE_TARNAME "cellwriter"
| #define PACKAGE_VERSION "1.3.6"
| #define PACKAGE_STRING "CellWriter 1.3.6"
| #define PACKAGE_BUGREPORT "risujin@risujin.org"
| #define PACKAGE_URL ""
| #define PACKAGE "cellwriter"
| #define VERSION "1.3.6"
| #define CELLWRITER_URL "http://risujin.org/cellwriter"
| #define ICON_PATH "/icons/hicolor/scalable/apps/"
| #define HAVE_LIBM 1
| #define HAVE_LIBGTK_X11_2_0 1
| #define HAVE_LIBX11 1
| #define HAVE_LIBXTST 1
| #define STDC_HEADERS 1
| #define HAVE_SYS_TYPES_H 1
| #define HAVE_SYS_STAT_H 1
| #define HAVE_STDLIB_H 1
| #define HAVE_STRING_H 1
| #define HAVE_MEMORY_H 1
| #define HAVE_STRINGS_H 1
| #define HAVE_INTTYPES_H 1
| #define HAVE_STDINT_H 1
| #define HAVE_UNISTD_H 1
| /* end confdefs.h.  */
| #include <stdio.h>
| #ifdef HAVE_SYS_TYPES_H
| # include <sys/types.h>
| #endif
| #ifdef HAVE_SYS_STAT_H
| # include <sys/stat.h>
| #endif
| #ifdef STDC_HEADERS
| # include <stdlib.h>
| # include <stddef.h>
| #else
| # ifdef HAVE_STDLIB_H
| #  include <stdlib.h>
| # endif
| #endif
| #ifdef HAVE_STRING_H
| # if !defined STDC_HEADERS && defined HAVE_MEMORY_H
| #  include <memory.h>
| # endif
| # include <string.h>
| #endif
| #ifdef HAVE_STRINGS_H
| # include <strings.h>
| #endif
| #ifdef HAVE_INTTYPES_H
| # include <inttypes.h>
| #endif
| #ifdef HAVE_STDINT_H
| # include <stdint.h>
| #endif
| #ifdef HAVE_UNISTD_H
| # include <unistd.h>
| #endif
| int
| main ()
| {
| if (sizeof ((size_t)))
| 	    return 0;
|   ;
|   return 0;
| }
configure:4908: result: yes
configure:4921: checking return type of signal handlers
configure:4939: gcc -c -g -O2  conftest.c >&5
conftest.c: In function 'main':
conftest.c:33:10: error: void value not ignored as it ought to be
 return *(signal (0, 0)) (0) == 1;
         ~^~~~~~~~~~~~~~~~~~
configure:4939: $? = 1
configure: failed program was:
| /* confdefs.h */
| #define PACKAGE_NAME "CellWriter"
| #define PACKAGE_TARNAME "cellwriter"
| #define PACKAGE_VERSION "1.3.6"
| #define PACKAGE_STRING "CellWriter 1.3.6"
| #define PACKAGE_BUGREPORT "risujin@risujin.org"
| #define PACKAGE_URL ""
| #define PACKAGE "cellwriter"
| #define VERSION "1.3.6"
| #define CELLWRITER_URL "http://risujin.org/cellwriter"
| #define ICON_PATH "/icons/hicolor/scalable/apps/"
| #define HAVE_LIBM 1
| #define HAVE_LIBGTK_X11_2_0 1
| #define HAVE_LIBX11 1
| #define HAVE_LIBXTST 1
| #define STDC_HEADERS 1
| #define HAVE_SYS_TYPES_H 1
| #define HAVE_SYS_STAT_H 1
| #define HAVE_STDLIB_H 1
| #define HAVE_STRING_H 1
| #define HAVE_MEMORY_H 1
| #define HAVE_STRINGS_H 1
| #define HAVE_INTTYPES_H 1
| #define HAVE_STDINT_H 1
| #define HAVE_UNISTD_H 1
| /* end confdefs.h.  */
| #include <sys/types.h>
| #include <signal.h>
| 
| int
| main ()
| {
| return *(signal (0, 0)) (0) == 1;
|   ;
|   return 0;
| }
configure:4946: result: void
configure:4956: checking for stdlib.h
configure:4956: result: yes
configure:4966: checking for GNU libc compatible malloc
configure:4990: gcc -o conftest -g -O2   conftest.c -lXtst -lX11 -lgtk-x11-2.0 -lm  >&5
configure:4990: $? = 0
configure:4990: ./conftest
configure:4990: $? = 0
configure:5000: result: yes
configure:5023: checking for stdlib.h
configure:5023: result: yes
configure:5033: checking for GNU libc compatible realloc
configure:5057: gcc -o conftest -g -O2   conftest.c -lXtst -lX11 -lgtk-x11-2.0 -lm  >&5
configure:5057: $? = 0
configure:5057: ./conftest
configure:5057: $? = 0
configure:5067: result: yes
configure:5091: checking for memmove
configure:5091: gcc -o conftest -g -O2   conftest.c -lXtst -lX11 -lgtk-x11-2.0 -lm  >&5
conftest.c:55:6: warning: conflicting types for built-in function 'memmove' [-Wbuiltin-declaration-mismatch]
 char memmove ();
      ^~~~~~~
configure:5091: $? = 0
configure:5091: result: yes
configure:5091: checking for memset
configure:5091: gcc -o conftest -g -O2   conftest.c -lXtst -lX11 -lgtk-x11-2.0 -lm  >&5
conftest.c:56:6: warning: conflicting types for built-in function 'memset' [-Wbuiltin-declaration-mismatch]
 char memset ();
      ^~~~~~
configure:5091: $? = 0
configure:5091: result: yes
configure:5091: checking for sqrt
configure:5091: gcc -o conftest -g -O2   conftest.c -lXtst -lX11 -lgtk-x11-2.0 -lm  >&5
conftest.c:57:6: warning: conflicting types for built-in function 'sqrt' [-Wbuiltin-declaration-mismatch]
 char sqrt ();
      ^~~~
configure:5091: $? = 0
configure:5091: result: yes
configure:5091: checking for strcasecmp
configure:5091: gcc -o conftest -g -O2   conftest.c -lXtst -lX11 -lgtk-x11-2.0 -lm  >&5
conftest.c:58:6: warning: conflicting types for built-in function 'strcasecmp' [-Wbuiltin-declaration-mismatch]
 char strcasecmp ();
      ^~~~~~~~~~
configure:5091: $? = 0
configure:5091: result: yes
configure:5229: creating ./config.status

## ---------------------- ##
## Running config.status. ##
## ---------------------- ##

This file was extended by CellWriter config.status 1.3.6, which was
generated by GNU Autoconf 2.69.  Invocation command line was

  CONFIG_FILES    = 
  CONFIG_HEADERS  = 
  CONFIG_LINKS    = 
  CONFIG_COMMANDS = 
  $ ./config.status 

on cricket

config.status:873: creating Makefile
config.status:873: creating config.h
config.status:1054: config.h is unchanged
config.status:1102: executing depfiles commands

## ---------------- ##
## Cache variables. ##
## ---------------- ##

ac_cv_c_compiler_gnu=yes
ac_cv_c_const=yes
ac_cv_c_inline=inline
ac_cv_env_CC_set=
ac_cv_env_CC_value=
ac_cv_env_CELLWRITER_URL_set=
ac_cv_env_CELLWRITER_URL_value=
ac_cv_env_CFLAGS_set=
ac_cv_env_CFLAGS_value=
ac_cv_env_CPPFLAGS_set=
ac_cv_env_CPPFLAGS_value=
ac_cv_env_CPP_set=
ac_cv_env_CPP_value=
ac_cv_env_GTK_CFLAGS_set=
ac_cv_env_GTK_CFLAGS_value=
ac_cv_env_GTK_LIBS_set=
ac_cv_env_GTK_LIBS_value=
ac_cv_env_LDFLAGS_set=
ac_cv_env_LDFLAGS_value=
ac_cv_env_LIBS_set=
ac_cv_env_LIBS_value=
ac_cv_env_PKG_CONFIG_LIBDIR_set=
ac_cv_env_PKG_CONFIG_LIBDIR_value=
ac_cv_env_PKG_CONFIG_PATH_set=
ac_cv_env_PKG_CONFIG_PATH_value=
ac_cv_env_PKG_CONFIG_set=
ac_cv_env_PKG_CONFIG_value=
ac_cv_env_XMKMF_set=
ac_cv_env_XMKMF_value=
ac_cv_env_build_alias_set=
ac_cv_env_build_alias_value=
ac_cv_env_host_alias_set=
ac_cv_env_host_alias_value=
ac_cv_env_target_alias_set=
ac_cv_env_target_alias_value=
ac_cv_func_malloc_0_nonnull=yes
ac_cv_func_memmove=yes
ac_cv_func_memset=yes
ac_cv_func_realloc_0_nonnull=yes
ac_cv_func_sqrt=yes
ac_cv_func_strcasecmp=yes
ac_cv_have_x='have_x=yes	ac_x_includes='\'''\''	ac_x_libraries='\'''\'''
ac_cv_header_inttypes_h=yes
ac_cv_header_memory_h=yes
ac_cv_header_stdc=yes
ac_cv_header_stdint_h=yes
ac_cv_header_stdlib_h=yes
ac_cv_header_string_h=yes
ac_cv_header_strings_h=yes
ac_cv_header_sys_stat_h=yes
ac_cv_header_sys_types_h=yes
ac_cv_header_unistd_h=yes
ac_cv_lib_X11_XChangeKeyboardMapping=yes
ac_cv_lib_Xtst_XTestFakeKeyEvent=yes
ac_cv_lib_gtk_x11_2_0_gtk_status_icon_new_from_file=yes
ac_cv_lib_m_atan2=yes
ac_cv_objext=o
ac_cv_path_EGREP='/usr/bin/grep -E'
ac_cv_path_GREP=/usr/bin/grep
ac_cv_path_ac_pt_PKG_CONFIG=/usr/bin/pkg-config
ac_cv_path_install='/usr/bin/install -c'
ac_cv_path_mkdir=/usr/bin/mkdir
ac_cv_prog_AWK=gawk
ac_cv_prog_CPP='gcc -E'
ac_cv_prog_ac_ct_CC=gcc
ac_cv_prog_cc_c89=
ac_cv_prog_cc_g=yes
ac_cv_prog_make_make_set=yes
ac_cv_type_signal=void
ac_cv_type_size_t=yes
am_cv_CC_dependencies_compiler_type=gcc3
pkg_cv_GTK_CFLAGS='-pthread -I/usr/include/gtk-2.0 -I/usr/lib/x86_64-linux-gnu/gtk-2.0/include -I/usr/include/gio-unix-2.0 -I/usr/include/cairo -I/usr/include/pango-1.0 -I/usr/include/atk-1.0 -I/usr/include/cairo -I/usr/include/pixman-1 -I/usr/include/gdk-pixbuf-2.0 -I/usr/include/libmount -I/usr/include/blkid -I/usr/include/pango-1.0 -I/usr/include/harfbuzz -I/usr/include/pango-1.0 -I/usr/include/fribidi -I/usr/include/glib-2.0 -I/usr/lib/x86_64-linux-gnu/glib-2.0/include -I/usr/include/uuid -I/usr/include/freetype2 -I/usr/include/libpng16'
pkg_cv_GTK_LIBS='-lgtk-x11-2.0 -lgdk-x11-2.0 -lpangocairo-1.0 -latk-1.0 -lcairo -lgdk_pixbuf-2.0 -lgio-2.0 -lpangoft2-1.0 -lpango-1.0 -lgobject-2.0 -lglib-2.0 -lfontconfig -lfreetype'

## ----------------- ##
## Output variables. ##
## ----------------- ##

ACLOCAL='${SHELL} /home/public/pro/ada/cellwriter/src/c/missing --run aclocal-1.11'
AMDEPBACKSLASH='\'
AMDEP_FALSE='#'
AMDEP_TRUE=''
AMTAR='$${TAR-tar}'
AUTOCONF='${SHELL} /home/public/pro/ada/cellwriter/src/c/missing --run autoconf'
AUTOHEADER='${SHELL} /home/public/pro/ada/cellwriter/src/c/missing --run autoheader'
AUTOMAKE='${SHELL} /home/public/pro/ada/cellwriter/src/c/missing --run automake-1.11'
AWK='gawk'
CC='gcc'
CCDEPMODE='depmode=gcc3'
CELLWRITER_URL=''
CFLAGS='-g -O2'
CPP='gcc -E'
CPPFLAGS=''
CYGPATH_W='echo'
DEFS='-DHAVE_CONFIG_H'
DEPDIR='.deps'
ECHO_C=''
ECHO_N='-n'
ECHO_T=''
EGREP='/usr/bin/grep -E'
EXEEXT=''
GREP='/usr/bin/grep'
GTKSTATUSICON_FALSE='#'
GTKSTATUSICON_TRUE=''
GTK_CFLAGS='-pthread -I/usr/include/gtk-2.0 -I/usr/lib/x86_64-linux-gnu/gtk-2.0/include -I/usr/include/gio-unix-2.0 -I/usr/include/cairo -I/usr/include/pango-1.0 -I/usr/include/atk-1.0 -I/usr/include/cairo -I/usr/include/pixman-1 -I/usr/include/gdk-pixbuf-2.0 -I/usr/include/libmount -I/usr/include/blkid -I/usr/include/pango-1.0 -I/usr/include/harfbuzz -I/usr/include/pango-1.0 -I/usr/include/fribidi -I/usr/include/glib-2.0 -I/usr/lib/x86_64-linux-gnu/glib-2.0/include -I/usr/include/uuid -I/usr/include/freetype2 -I/usr/include/libpng16'
GTK_LIBS='-lgtk-x11-2.0 -lgdk-x11-2.0 -lpangocairo-1.0 -latk-1.0 -lcairo -lgdk_pixbuf-2.0 -lgio-2.0 -lpangoft2-1.0 -lpango-1.0 -lgobject-2.0 -lglib-2.0 -lfontconfig -lfreetype'
INSTALL_DATA='${INSTALL} -m 644'
INSTALL_PROGRAM='${INSTALL}'
INSTALL_SCRIPT='${INSTALL}'
INSTALL_STRIP_PROGRAM='$(install_sh) -c -s'
LDFLAGS=''
LIBOBJS=''
LIBS='-lXtst -lX11 -lgtk-x11-2.0 -lm '
LTLIBOBJS=''
MAKEINFO='${SHELL} /home/public/pro/ada/cellwriter/src/c/missing --run makeinfo'
MKDIR_P='/usr/bin/mkdir -p'
OBJEXT='o'
PACKAGE='cellwriter'
PACKAGE_BUGREPORT='risujin@risujin.org'
PACKAGE_NAME='CellWriter'
PACKAGE_STRING='CellWriter 1.3.6'
PACKAGE_TARNAME='cellwriter'
PACKAGE_URL=''
PACKAGE_VERSION='1.3.6'
PATH_SEPARATOR=':'
PKG_CONFIG='/usr/bin/pkg-config'
PKG_CONFIG_LIBDIR=''
PKG_CONFIG_PATH=''
SET_MAKE=''
SHELL='/bin/bash'
STRIP=''
VERSION='1.3.6'
XMKMF=''
ac_ct_CC='gcc'
am__EXEEXT_FALSE=''
am__EXEEXT_TRUE='#'
am__fastdepCC_FALSE='#'
am__fastdepCC_TRUE=''
am__include='include'
am__isrc=''
am__leading_dot='.'
am__nodep='_no'
am__quote=''
am__tar='$${TAR-tar} chof - "$$tardir"'
am__untar='$${TAR-tar} xf -'
bindir='${exec_prefix}/bin'
build_alias=''
datadir='${datarootdir}'
datarootdir='${prefix}/share'
docdir='${datarootdir}/doc/${PACKAGE_TARNAME}'
dvidir='${docdir}'
exec_prefix='${prefix}'
host_alias=''
htmldir='${docdir}'
includedir='${prefix}/include'
infodir='${datarootdir}/info'
install_sh='${SHELL} /home/public/pro/ada/cellwriter/src/c/install-sh'
libdir='${exec_prefix}/lib'
libexecdir='${exec_prefix}/libexec'
localedir='${datarootdir}/locale'
localstatedir='${prefix}/var'
mandir='${datarootdir}/man'
mkdir_p='/usr/bin/mkdir -p'
oldincludedir='/usr/include'
pdfdir='${docdir}'
prefix='/usr/local'
program_transform_name='s,x,x,'
psdir='${docdir}'
runstatedir='${localstatedir}/run'
sbindir='${exec_prefix}/sbin'
sharedstatedir='${prefix}/com'
sysconfdir='${prefix}/etc'
target_alias=''

## ----------- ##
## confdefs.h. ##
## ----------- ##

/* confdefs.h */
#define PACKAGE_NAME "CellWriter"
#define PACKAGE_TARNAME "cellwriter"
#define PACKAGE_VERSION "1.3.6"
#define PACKAGE_STRING "CellWriter 1.3.6"
#define PACKAGE_BUGREPORT "risujin@risujin.org"
#define PACKAGE_URL ""
#define PACKAGE "cellwriter"
#define VERSION "1.3.6"
#define CELLWRITER_URL "http://risujin.org/cellwriter"
#define ICON_PATH "/icons/hicolor/scalable/apps/"
#define HAVE_LIBM 1
#define HAVE_LIBGTK_X11_2_0 1
#define HAVE_LIBX11 1
#define HAVE_LIBXTST 1
#define STDC_HEADERS 1
#define HAVE_SYS_TYPES_H 1
#define HAVE_SYS_STAT_H 1
#define HAVE_STDLIB_H 1
#define HAVE_STRING_H 1
#define HAVE_MEMORY_H 1
#define HAVE_STRINGS_H 1
#define HAVE_INTTYPES_H 1
#define HAVE_STDINT_H 1
#define HAVE_UNISTD_H 1
#define RETSIGTYPE void
#define HAVE_STDLIB_H 1
#define HAVE_MALLOC 1
#define HAVE_STDLIB_H 1
#define HAVE_REALLOC 1
#define HAVE_MEMMOVE 1
#define HAVE_MEMSET 1
#define HAVE_SQRT 1
#define HAVE_STRCASECMP 1

configure: exit 0
